<?xml version="1.0" encoding="UTF-8"?>
<testsuites name="Spark" tests="2" failures="1" errors="0" skipped="0" time="__TOTAL_TIME__">
  <testsuite name="auth-suite" tests="2" failures="1" errors="0" skipped="0" time="0.8" timestamp="__TIMESTAMP__" file="tests/auth.spark">
    <testcase name="login" classname="auth-suite" time="0.5" file="tests/auth.spark"></testcase>
    <testcase name="register" classname="auth-suite" time="0.3" file="tests/auth.spark" assertions="1">
      <failure message="status 201 expected" type="AssertionError">status 201 expected&#xA;  Expected: 201&#xA;  Actual:   400</failure>
    </testcase>
  </testsuite>
</testsuites>